<?xml version="1.0" encoding="UTF-8"?>
<testsuite name="Nopcommerce"
           tests="3"
           failures="0"
           errors="0"
           skipped="0"
           time="7.412">
  <properties />
  
  
            <testcase name="verifyThatFirstNameLastNameEmailPasswordAndConfirmPasswordFieldsAreMandatory" time="2.190" classname="com.nopcommerce.demo.testsuite.RegisterPageTest" />
                <testcase name="verifyThatUserShouldCreateAccountSuccessfully" time="4.269" classname="com.nopcommerce.demo.testsuite.RegisterPageTest" />
                <testcase name="verifyUserShouldNavigateToRegisterPageSuccessfully" time="0.953" classname="com.nopcommerce.demo.testsuite.RegisterPageTest" />
      
</testsuite>
